<?xml version="1.0" encoding="UTF-8"?>
<testsuite xmlns:xsi="http://www.w3.org/2001/XMLSchema-instance" xsi:noNamespaceSchemaLocation="https://maven.apache.org/surefire/maven-surefire-plugin/xsd/surefire-test-report.xsd" name="find_tx.AppTest" time="0.012" tests="1" errors="0" skipped="0" failures="0">
  <properties>
    <property name="awt.toolkit" value="sun.awt.X11.XToolkit"/>
    <property name="file.encoding.pkg" value="sun.io"/>
    <property name="java.specification.version" value="1.8"/>
    <property name="sun.cpu.isalist" value=""/>
    <property name="sun.jnu.encoding" value="UTF-8"/>
    <property name="java.class.path" value="/public/home/blockchain/master/experiment/final_query/find_tx/target/test-classes:/public/home/blockchain/master/experiment/final_query/find_tx/target/classes:/public/home/blockchain/master/.m2/repository/junit/junit/4.11/junit-4.11.jar:/public/home/blockchain/master/.m2/repository/org/hamcrest/hamcrest-core/1.3/hamcrest-core-1.3.jar:/public/home/blockchain/master/.m2/repository/org/janusgraph/janusgraph-core/0.5.2/janusgraph-core-0.5.2.jar:/public/home/blockchain/master/.m2/repository/org/janusgraph/janusgraph-driver/0.5.2/janusgraph-driver-0.5.2.jar:/public/home/blockchain/master/.m2/repository/org/apache/tinkerpop/gremlin-core/3.4.6/gremlin-core-3.4.6.jar:/public/home/blockchain/master/.m2/repository/org/apache/tinkerpop/gremlin-shaded/3.4.6/gremlin-shaded-3.4.6.jar:/public/home/blockchain/master/.m2/repository/org/yaml/snakeyaml/1.15/snakeyaml-1.15.jar:/public/home/blockchain/master/.m2/repository/org/javatuples/javatuples/1.2/javatuples-1.2.jar:/public/home/blockchain/master/.m2/repository/com/jcabi/jcabi-manifests/1.1/jcabi-manifests-1.1.jar:/public/home/blockchain/master/.m2/repository/com/jcabi/jcabi-log/0.14/jcabi-log-0.14.jar:/public/home/blockchain/master/.m2/repository/com/squareup/javapoet/1.8.0/javapoet-1.8.0.jar:/public/home/blockchain/master/.m2/repository/net/objecthunter/exp4j/0.4.8/exp4j-0.4.8.jar:/public/home/blockchain/master/.m2/repository/org/slf4j/jcl-over-slf4j/1.7.25/jcl-over-slf4j-1.7.25.jar:/public/home/blockchain/master/.m2/repository/org/apache/tinkerpop/gremlin-driver/3.4.6/gremlin-driver-3.4.6.jar:/public/home/blockchain/master/.m2/repository/org/codehaus/groovy/groovy/2.5.7/groovy-2.5.7-indy.jar:/public/home/blockchain/master/.m2/repository/org/codehaus/groovy/groovy-json/2.5.7/groovy-json-2.5.7-indy.jar:/public/home/blockchain/master/.m2/repository/org/apache/tinkerpop/gremlin-groovy/3.4.6/gremlin-groovy-3.4.6.jar:/public/home/blockchain/master/.m2/repository/org/apache/ivy/ivy/2.3.0/ivy-2.3.0.jar:/public/home/blockchain/master/.m2/repository/org/codehaus/groovy/groovy-groovysh/2.5.7/groovy-groovysh-2.5.7-indy.jar:/public/home/blockchain/master/.m2/repository/org/codehaus/groovy/groovy-cli-picocli/2.5.7/groovy-cli-picocli-2.5.7.jar:/public/home/blockchain/master/.m2/repository/info/picocli/picocli/3.9.5/picocli-3.9.5.jar:/public/home/blockchain/master/.m2/repository/org/codehaus/groovy/groovy-console/2.5.7/groovy-console-2.5.7.jar:/public/home/blockchain/master/.m2/repository/org/codehaus/groovy/groovy-templates/2.5.7/groovy-templates-2.5.7.jar:/public/home/blockchain/master/.m2/repository/org/codehaus/groovy/groovy-xml/2.5.7/groovy-xml-2.5.7.jar:/public/home/blockchain/master/.m2/repository/org/codehaus/groovy/groovy-swing/2.5.7/groovy-swing-2.5.7.jar:/public/home/blockchain/master/.m2/repository/jline/jline/2.14.6/jline-2.14.6.jar:/public/home/blockchain/master/.m2/repository/org/codehaus/groovy/groovy-jsr223/2.5.7/groovy-jsr223-2.5.7-indy.jar:/public/home/blockchain/master/.m2/repository/org/mindrot/jbcrypt/0.4/jbcrypt-0.4.jar:/public/home/blockchain/master/.m2/repository/com/github/ben-manes/caffeine/caffeine/2.3.1/caffeine-2.3.1.jar:/public/home/blockchain/master/.m2/repository/org/noggit/noggit/0.6/noggit-0.6.jar:/public/home/blockchain/master/.m2/repository/org/locationtech/spatial4j/spatial4j/0.7/spatial4j-0.7.jar:/public/home/blockchain/master/.m2/repository/org/locationtech/jts/jts-core/1.16.1/jts-core-1.16.1.jar:/public/home/blockchain/master/.m2/repository/org/apache/commons/commons-text/1.0/commons-text-1.0.jar:/public/home/blockchain/master/.m2/repository/org/apache/tinkerpop/tinkergraph-gremlin/3.4.6/tinkergraph-gremlin-3.4.6.jar:/public/home/blockchain/master/.m2/repository/org/glassfish/javax.json/1.0/javax.json-1.0.jar:/public/home/blockchain/master/.m2/repository/io/dropwizard/metrics/metrics-core/3.2.2/metrics-core-3.2.2.jar:/public/home/blockchain/master/.m2/repository/io/dropwizard/metrics/metrics-ganglia/3.2.2/metrics-ganglia-3.2.2.jar:/public/home/blockchain/master/.m2/repository/info/ganglia/gmetric4j/gmetric4j/1.0.7/gmetric4j-1.0.7.jar:/public/home/blockchain/master/.m2/repository/io/dropwizard/metrics/metrics-graphite/3.2.2/metrics-graphite-3.2.2.jar:/public/home/blockchain/master/.m2/repository/net/oneandone/reflections8/reflections8/0.11.7/reflections8-0.11.7.jar:/public/home/blockchain/master/.m2/repository/org/javassist/javassist/3.22.0-GA/javassist-3.22.0-GA.jar:/public/home/blockchain/master/.m2/repository/commons-collections/commons-collections/3.2.2/commons-collections-3.2.2.jar:/public/home/blockchain/master/.m2/repository/commons-configuration/commons-configuration/1.10/commons-configuration-1.10.jar:/public/home/blockchain/master/.m2/repository/commons-lang/commons-lang/2.6/commons-lang-2.6.jar:/public/home/blockchain/master/.m2/repository/commons-logging/commons-logging/1.1.1/commons-logging-1.1.1.jar:/public/home/blockchain/master/.m2/repository/commons-io/commons-io/2.3/commons-io-2.3.jar:/public/home/blockchain/master/.m2/repository/commons-codec/commons-codec/1.14/commons-codec-1.14.jar:/public/home/blockchain/master/.m2/repository/com/carrotsearch/hppc/0.7.1/hppc-0.7.1.jar:/public/home/blockchain/master/.m2/repository/com/boundary/high-scale-lib/1.0.6/high-scale-lib-1.0.6.jar:/public/home/blockchain/master/.m2/repository/com/google/code/findbugs/jsr305/3.0.2/jsr305-3.0.2.jar:/public/home/blockchain/master/.m2/repository/org/slf4j/slf4j-api/1.7.12/slf4j-api-1.7.12.jar:/public/home/blockchain/master/.m2/repository/org/janusgraph/janusgraph-hbase/0.5.2/janusgraph-hbase-0.5.2.jar:/public/home/blockchain/master/.m2/repository/org/apache/hadoop/hadoop-client/2.7.7/hadoop-client-2.7.7.jar:/public/home/blockchain/master/.m2/repository/org/apache/hadoop/hadoop-common/2.7.7/hadoop-common-2.7.7.jar:/public/home/blockchain/master/.m2/repository/commons-cli/commons-cli/1.2/commons-cli-1.2.jar:/public/home/blockchain/master/.m2/repository/org/apache/commons/commons-math3/3.1.1/commons-math3-3.1.1.jar:/public/home/blockchain/master/.m2/repository/xmlenc/xmlenc/0.52/xmlenc-0.52.jar:/public/home/blockchain/master/.m2/repository/commons-httpclient/commons-httpclient/3.1/commons-httpclient-3.1.jar:/public/home/blockchain/master/.m2/repository/commons-net/commons-net/3.1/commons-net-3.1.jar:/public/home/blockchain/master/.m2/repository/org/mortbay/jetty/jetty-sslengine/6.1.26/jetty-sslengine-6.1.26.jar:/public/home/blockchain/master/.m2/repository/javax/servlet/jsp/jsp-api/2.1/jsp-api-2.1.jar:/public/home/blockchain/master/.m2/repository/log4j/log4j/1.2.17/log4j-1.2.17.jar:/public/home/blockchain/master/.m2/repository/org/slf4j/slf4j-log4j12/1.7.10/slf4j-log4j12-1.7.10.jar:/public/home/blockchain/master/.m2/repository/org/codehaus/jackson/jackson-core-asl/1.9.13/jackson-core-asl-1.9.13.jar:/public/home/blockchain/master/.m2/repository/org/codehaus/jackson/jackson-mapper-asl/1.9.13/jackson-mapper-asl-1.9.13.jar:/public/home/blockchain/master/.m2/repository/org/apache/avro/avro/1.7.4/avro-1.7.4.jar:/public/home/blockchain/master/.m2/repository/com/thoughtworks/paranamer/paranamer/2.3/paranamer-2.3.jar:/public/home/blockchain/master/.m2/repository/org/xerial/snappy/snappy-java/1.0.4.1/snappy-java-1.0.4.1.jar:/public/home/blockchain/master/.m2/repository/com/google/code/gson/gson/2.2.4/gson-2.2.4.jar:/public/home/blockchain/master/.m2/repository/org/apache/curator/curator-client/2.7.1/curator-client-2.7.1.jar:/public/home/blockchain/master/.m2/repository/org/apache/curator/curator-recipes/2.7.1/curator-recipes-2.7.1.jar:/public/home/blockchain/master/.m2/repository/org/apache/htrace/htrace-core/3.1.0-incubating/htrace-core-3.1.0-incubating.jar:/public/home/blockchain/master/.m2/repository/org/apache/commons/commons-compress/1.4.1/commons-compress-1.4.1.jar:/public/home/blockchain/master/.m2/repository/org/tukaani/xz/1.0/xz-1.0.jar:/public/home/blockchain/master/.m2/repository/org/apache/hadoop/hadoop-hdfs/2.7.7/hadoop-hdfs-2.7.7.jar:/public/home/blockchain/master/.m2/repository/org/mortbay/jetty/jetty-util/6.1.26/jetty-util-6.1.26.jar:/public/home/blockchain/master/.m2/repository/io/netty/netty/3.6.2.Final/netty-3.6.2.Final.jar:/public/home/blockchain/master/.m2/repository/io/netty/netty-all/4.0.23.Final/netty-all-4.0.23.Final.jar:/public/home/blockchain/master/.m2/repository/xerces/xercesImpl/2.9.1/xercesImpl-2.9.1.jar:/public/home/blockchain/master/.m2/repository/xml-apis/xml-apis/1.3.04/xml-apis-1.3.04.jar:/public/home/blockchain/master/.m2/repository/org/fusesource/leveldbjni/leveldbjni-all/1.8/leveldbjni-all-1.8.jar:/public/home/blockchain/master/.m2/repository/org/apache/hadoop/hadoop-mapreduce-client-app/2.7.7/hadoop-mapreduce-client-app-2.7.7.jar:/public/home/blockchain/master/.m2/repository/org/apache/hadoop/hadoop-mapreduce-client-common/2.7.7/hadoop-mapreduce-client-common-2.7.7.jar:/public/home/blockchain/master/.m2/repository/org/apache/hadoop/hadoop-yarn-client/2.7.7/hadoop-yarn-client-2.7.7.jar:/public/home/blockchain/master/.m2/repository/org/apache/hadoop/hadoop-yarn-server-common/2.7.7/hadoop-yarn-server-common-2.7.7.jar:/public/home/blockchain/master/.m2/repository/org/apache/hadoop/hadoop-mapreduce-client-shuffle/2.7.7/hadoop-mapreduce-client-shuffle-2.7.7.jar:/public/home/blockchain/master/.m2/repository/org/apache/hadoop/hadoop-yarn-api/2.7.7/hadoop-yarn-api-2.7.7.jar:/public/home/blockchain/master/.m2/repository/org/apache/hadoop/hadoop-mapreduce-client-core/2.7.7/hadoop-mapreduce-client-core-2.7.7.jar:/public/home/blockchain/master/.m2/repository/org/apache/hadoop/hadoop-yarn-common/2.7.7/hadoop-yarn-common-2.7.7.jar:/public/home/blockchain/master/.m2/repository/javax/xml/bind/jaxb-api/2.2.2/jaxb-api-2.2.2.jar:/public/home/blockchain/master/.m2/repository/javax/xml/stream/stax-api/1.0-2/stax-api-1.0-2.jar:/public/home/blockchain/master/.m2/repository/javax/activation/activation/1.1/activation-1.1.jar:/public/home/blockchain/master/.m2/repository/javax/servlet/servlet-api/2.5/servlet-api-2.5.jar:/public/home/blockchain/master/.m2/repository/com/sun/jersey/jersey-core/1.9/jersey-core-1.9.jar:/public/home/blockchain/master/.m2/repository/com/sun/jersey/jersey-client/1.9/jersey-client-1.9.jar:/public/home/blockchain/master/.m2/repository/org/codehaus/jackson/jackson-jaxrs/1.9.13/jackson-jaxrs-1.9.13.jar:/public/home/blockchain/master/.m2/repository/org/codehaus/jackson/jackson-xc/1.9.13/jackson-xc-1.9.13.jar:/public/home/blockchain/master/.m2/repository/org/apache/hadoop/hadoop-mapreduce-client-jobclient/2.7.7/hadoop-mapreduce-client-jobclient-2.7.7.jar:/public/home/blockchain/master/.m2/repository/org/apache/hadoop/hadoop-annotations/2.7.7/hadoop-annotations-2.7.7.jar:/public/home/blockchain/master/.m2/repository/com/google/guava/guava/18.0/guava-18.0.jar:/public/home/blockchain/master/.m2/repository/org/apache/hbase/hbase-client/2.1.5/hbase-client-2.1.5.jar:/public/home/blockchain/master/.m2/repository/org/apache/hbase/thirdparty/hbase-shaded-protobuf/2.1.0/hbase-shaded-protobuf-2.1.0.jar:/public/home/blockchain/master/.m2/repository/org/apache/hbase/hbase-common/2.1.5/hbase-common-2.1.5.jar:/public/home/blockchain/master/.m2/repository/com/github/stephenc/findbugs/findbugs-annotations/1.3.9-1/findbugs-annotations-1.3.9-1.jar:/public/home/blockchain/master/.m2/repository/org/apache/hbase/hbase-hadoop-compat/2.1.5/hbase-hadoop-compat-2.1.5.jar:/public/home/blockchain/master/.m2/repository/org/apache/hbase/hbase-metrics-api/2.1.5/hbase-metrics-api-2.1.5.jar:/public/home/blockchain/master/.m2/repository/org/apache/hbase/hbase-hadoop2-compat/2.1.5/hbase-hadoop2-compat-2.1.5.jar:/public/home/blockchain/master/.m2/repository/org/apache/hbase/hbase-metrics/2.1.5/hbase-metrics-2.1.5.jar:/public/home/blockchain/master/.m2/repository/org/apache/hbase/hbase-protocol-shaded/2.1.5/hbase-protocol-shaded-2.1.5.jar:/public/home/blockchain/master/.m2/repository/org/apache/hbase/hbase-protocol/2.1.5/hbase-protocol-2.1.5.jar:/public/home/blockchain/master/.m2/repository/org/apache/commons/commons-lang3/3.6/commons-lang3-3.6.jar:/public/home/blockchain/master/.m2/repository/org/apache/hbase/thirdparty/hbase-shaded-miscellaneous/2.1.0/hbase-shaded-miscellaneous-2.1.0.jar:/public/home/blockchain/master/.m2/repository/com/google/protobuf/protobuf-java/2.5.0/protobuf-java-2.5.0.jar:/public/home/blockchain/master/.m2/repository/org/apache/hbase/thirdparty/hbase-shaded-netty/2.1.0/hbase-shaded-netty-2.1.0.jar:/public/home/blockchain/master/.m2/repository/org/apache/zookeeper/zookeeper/3.4.10/zookeeper-3.4.10.jar:/public/home/blockchain/master/.m2/repository/org/apache/htrace/htrace-core4/4.2.0-incubating/htrace-core4-4.2.0-incubating.jar:/public/home/blockchain/master/.m2/repository/org/jruby/jcodings/jcodings/1.0.18/jcodings-1.0.18.jar:/public/home/blockchain/master/.m2/repository/org/jruby/joni/joni/2.1.11/joni-2.1.11.jar:/public/home/blockchain/master/.m2/repository/org/apache/commons/commons-crypto/1.0.0/commons-crypto-1.0.0.jar:/public/home/blockchain/master/.m2/repository/com/fasterxml/jackson/core/jackson-databind/2.9.2/jackson-databind-2.9.2.jar:/public/home/blockchain/master/.m2/repository/com/fasterxml/jackson/core/jackson-annotations/2.9.0/jackson-annotations-2.9.0.jar:/public/home/blockchain/master/.m2/repository/com/fasterxml/jackson/core/jackson-core/2.9.2/jackson-core-2.9.2.jar:/public/home/blockchain/master/.m2/repository/org/apache/hadoop/hadoop-auth/2.7.7/hadoop-auth-2.7.7.jar:/public/home/blockchain/master/.m2/repository/org/apache/httpcomponents/httpclient/4.2.5/httpclient-4.2.5.jar:/public/home/blockchain/master/.m2/repository/org/apache/httpcomponents/httpcore/4.2.4/httpcore-4.2.4.jar:/public/home/blockchain/master/.m2/repository/org/apache/directory/server/apacheds-kerberos-codec/2.0.0-M15/apacheds-kerberos-codec-2.0.0-M15.jar:/public/home/blockchain/master/.m2/repository/org/apache/directory/server/apacheds-i18n/2.0.0-M15/apacheds-i18n-2.0.0-M15.jar:/public/home/blockchain/master/.m2/repository/org/apache/directory/api/api-asn1-api/1.0.0-M20/api-asn1-api-1.0.0-M20.jar:/public/home/blockchain/master/.m2/repository/org/apache/directory/api/api-util/1.0.0-M20/api-util-1.0.0-M20.jar:/public/home/blockchain/master/.m2/repository/org/apache/curator/curator-framework/2.7.1/curator-framework-2.7.1.jar:/public/home/blockchain/master/.m2/repository/org/apache/yetus/audience-annotations/0.5.0/audience-annotations-0.5.0.jar:"/>
    <property name="java.vm.vendor" value="Oracle Corporation"/>
    <property name="sun.arch.data.model" value="64"/>
    <property name="java.vendor.url" value="http://java.oracle.com/"/>
    <property name="user.timezone" value=""/>
    <property name="java.vm.specification.version" value="1.8"/>
    <property name="os.name" value="Linux"/>
    <property name="user.country" value="US"/>
    <property name="sun.java.launcher" value="SUN_STANDARD"/>
    <property name="sun.boot.library.path" value="/public/home/blockchain/master/jdk1.8.0_371/jre/lib/amd64"/>
    <property name="sun.java.command" value="/public/home/blockchain/master/experiment/final_query/find_tx/target/surefire/surefirebooter3522444767102985500.jar /public/home/blockchain/master/experiment/final_query/find_tx/target/surefire 2024-02-25T15-49-59_400-jvmRun1 surefire6201280879223608302tmp surefire_04004742189975226097tmp"/>
    <property name="surefire.test.class.path" value="/public/home/blockchain/master/experiment/final_query/find_tx/target/test-classes:/public/home/blockchain/master/experiment/final_query/find_tx/target/classes:/public/home/blockchain/master/.m2/repository/junit/junit/4.11/junit-4.11.jar:/public/home/blockchain/master/.m2/repository/org/hamcrest/hamcrest-core/1.3/hamcrest-core-1.3.jar:/public/home/blockchain/master/.m2/repository/org/janusgraph/janusgraph-core/0.5.2/janusgraph-core-0.5.2.jar:/public/home/blockchain/master/.m2/repository/org/janusgraph/janusgraph-driver/0.5.2/janusgraph-driver-0.5.2.jar:/public/home/blockchain/master/.m2/repository/org/apache/tinkerpop/gremlin-core/3.4.6/gremlin-core-3.4.6.jar:/public/home/blockchain/master/.m2/repository/org/apache/tinkerpop/gremlin-shaded/3.4.6/gremlin-shaded-3.4.6.jar:/public/home/blockchain/master/.m2/repository/org/yaml/snakeyaml/1.15/snakeyaml-1.15.jar:/public/home/blockchain/master/.m2/repository/org/javatuples/javatuples/1.2/javatuples-1.2.jar:/public/home/blockchain/master/.m2/repository/com/jcabi/jcabi-manifests/1.1/jcabi-manifests-1.1.jar:/public/home/blockchain/master/.m2/repository/com/jcabi/jcabi-log/0.14/jcabi-log-0.14.jar:/public/home/blockchain/master/.m2/repository/com/squareup/javapoet/1.8.0/javapoet-1.8.0.jar:/public/home/blockchain/master/.m2/repository/net/objecthunter/exp4j/0.4.8/exp4j-0.4.8.jar:/public/home/blockchain/master/.m2/repository/org/slf4j/jcl-over-slf4j/1.7.25/jcl-over-slf4j-1.7.25.jar:/public/home/blockchain/master/.m2/repository/org/apache/tinkerpop/gremlin-driver/3.4.6/gremlin-driver-3.4.6.jar:/public/home/blockchain/master/.m2/repository/org/codehaus/groovy/groovy/2.5.7/groovy-2.5.7-indy.jar:/public/home/blockchain/master/.m2/repository/org/codehaus/groovy/groovy-json/2.5.7/groovy-json-2.5.7-indy.jar:/public/home/blockchain/master/.m2/repository/org/apache/tinkerpop/gremlin-groovy/3.4.6/gremlin-groovy-3.4.6.jar:/public/home/blockchain/master/.m2/repository/org/apache/ivy/ivy/2.3.0/ivy-2.3.0.jar:/public/home/blockchain/master/.m2/repository/org/codehaus/groovy/groovy-groovysh/2.5.7/groovy-groovysh-2.5.7-indy.jar:/public/home/blockchain/master/.m2/repository/org/codehaus/groovy/groovy-cli-picocli/2.5.7/groovy-cli-picocli-2.5.7.jar:/public/home/blockchain/master/.m2/repository/info/picocli/picocli/3.9.5/picocli-3.9.5.jar:/public/home/blockchain/master/.m2/repository/org/codehaus/groovy/groovy-console/2.5.7/groovy-console-2.5.7.jar:/public/home/blockchain/master/.m2/repository/org/codehaus/groovy/groovy-templates/2.5.7/groovy-templates-2.5.7.jar:/public/home/blockchain/master/.m2/repository/org/codehaus/groovy/groovy-xml/2.5.7/groovy-xml-2.5.7.jar:/public/home/blockchain/master/.m2/repository/org/codehaus/groovy/groovy-swing/2.5.7/groovy-swing-2.5.7.jar:/public/home/blockchain/master/.m2/repository/jline/jline/2.14.6/jline-2.14.6.jar:/public/home/blockchain/master/.m2/repository/org/codehaus/groovy/groovy-jsr223/2.5.7/groovy-jsr223-2.5.7-indy.jar:/public/home/blockchain/master/.m2/repository/org/mindrot/jbcrypt/0.4/jbcrypt-0.4.jar:/public/home/blockchain/master/.m2/repository/com/github/ben-manes/caffeine/caffeine/2.3.1/caffeine-2.3.1.jar:/public/home/blockchain/master/.m2/repository/org/noggit/noggit/0.6/noggit-0.6.jar:/public/home/blockchain/master/.m2/repository/org/locationtech/spatial4j/spatial4j/0.7/spatial4j-0.7.jar:/public/home/blockchain/master/.m2/repository/org/locationtech/jts/jts-core/1.16.1/jts-core-1.16.1.jar:/public/home/blockchain/master/.m2/repository/org/apache/commons/commons-text/1.0/commons-text-1.0.jar:/public/home/blockchain/master/.m2/repository/org/apache/tinkerpop/tinkergraph-gremlin/3.4.6/tinkergraph-gremlin-3.4.6.jar:/public/home/blockchain/master/.m2/repository/org/glassfish/javax.json/1.0/javax.json-1.0.jar:/public/home/blockchain/master/.m2/repository/io/dropwizard/metrics/metrics-core/3.2.2/metrics-core-3.2.2.jar:/public/home/blockchain/master/.m2/repository/io/dropwizard/metrics/metrics-ganglia/3.2.2/metrics-ganglia-3.2.2.jar:/public/home/blockchain/master/.m2/repository/info/ganglia/gmetric4j/gmetric4j/1.0.7/gmetric4j-1.0.7.jar:/public/home/blockchain/master/.m2/repository/io/dropwizard/metrics/metrics-graphite/3.2.2/metrics-graphite-3.2.2.jar:/public/home/blockchain/master/.m2/repository/net/oneandone/reflections8/reflections8/0.11.7/reflections8-0.11.7.jar:/public/home/blockchain/master/.m2/repository/org/javassist/javassist/3.22.0-GA/javassist-3.22.0-GA.jar:/public/home/blockchain/master/.m2/repository/commons-collections/commons-collections/3.2.2/commons-collections-3.2.2.jar:/public/home/blockchain/master/.m2/repository/commons-configuration/commons-configuration/1.10/commons-configuration-1.10.jar:/public/home/blockchain/master/.m2/repository/commons-lang/commons-lang/2.6/commons-lang-2.6.jar:/public/home/blockchain/master/.m2/repository/commons-logging/commons-logging/1.1.1/commons-logging-1.1.1.jar:/public/home/blockchain/master/.m2/repository/commons-io/commons-io/2.3/commons-io-2.3.jar:/public/home/blockchain/master/.m2/repository/commons-codec/commons-codec/1.14/commons-codec-1.14.jar:/public/home/blockchain/master/.m2/repository/com/carrotsearch/hppc/0.7.1/hppc-0.7.1.jar:/public/home/blockchain/master/.m2/repository/com/boundary/high-scale-lib/1.0.6/high-scale-lib-1.0.6.jar:/public/home/blockchain/master/.m2/repository/com/google/code/findbugs/jsr305/3.0.2/jsr305-3.0.2.jar:/public/home/blockchain/master/.m2/repository/org/slf4j/slf4j-api/1.7.12/slf4j-api-1.7.12.jar:/public/home/blockchain/master/.m2/repository/org/janusgraph/janusgraph-hbase/0.5.2/janusgraph-hbase-0.5.2.jar:/public/home/blockchain/master/.m2/repository/org/apache/hadoop/hadoop-client/2.7.7/hadoop-client-2.7.7.jar:/public/home/blockchain/master/.m2/repository/org/apache/hadoop/hadoop-common/2.7.7/hadoop-common-2.7.7.jar:/public/home/blockchain/master/.m2/repository/commons-cli/commons-cli/1.2/commons-cli-1.2.jar:/public/home/blockchain/master/.m2/repository/org/apache/commons/commons-math3/3.1.1/commons-math3-3.1.1.jar:/public/home/blockchain/master/.m2/repository/xmlenc/xmlenc/0.52/xmlenc-0.52.jar:/public/home/blockchain/master/.m2/repository/commons-httpclient/commons-httpclient/3.1/commons-httpclient-3.1.jar:/public/home/blockchain/master/.m2/repository/commons-net/commons-net/3.1/commons-net-3.1.jar:/public/home/blockchain/master/.m2/repository/org/mortbay/jetty/jetty-sslengine/6.1.26/jetty-sslengine-6.1.26.jar:/public/home/blockchain/master/.m2/repository/javax/servlet/jsp/jsp-api/2.1/jsp-api-2.1.jar:/public/home/blockchain/master/.m2/repository/log4j/log4j/1.2.17/log4j-1.2.17.jar:/public/home/blockchain/master/.m2/repository/org/slf4j/slf4j-log4j12/1.7.10/slf4j-log4j12-1.7.10.jar:/public/home/blockchain/master/.m2/repository/org/codehaus/jackson/jackson-core-asl/1.9.13/jackson-core-asl-1.9.13.jar:/public/home/blockchain/master/.m2/repository/org/codehaus/jackson/jackson-mapper-asl/1.9.13/jackson-mapper-asl-1.9.13.jar:/public/home/blockchain/master/.m2/repository/org/apache/avro/avro/1.7.4/avro-1.7.4.jar:/public/home/blockchain/master/.m2/repository/com/thoughtworks/paranamer/paranamer/2.3/paranamer-2.3.jar:/public/home/blockchain/master/.m2/repository/org/xerial/snappy/snappy-java/1.0.4.1/snappy-java-1.0.4.1.jar:/public/home/blockchain/master/.m2/repository/com/google/code/gson/gson/2.2.4/gson-2.2.4.jar:/public/home/blockchain/master/.m2/repository/org/apache/curator/curator-client/2.7.1/curator-client-2.7.1.jar:/public/home/blockchain/master/.m2/repository/org/apache/curator/curator-recipes/2.7.1/curator-recipes-2.7.1.jar:/public/home/blockchain/master/.m2/repository/org/apache/htrace/htrace-core/3.1.0-incubating/htrace-core-3.1.0-incubating.jar:/public/home/blockchain/master/.m2/repository/org/apache/commons/commons-compress/1.4.1/commons-compress-1.4.1.jar:/public/home/blockchain/master/.m2/repository/org/tukaani/xz/1.0/xz-1.0.jar:/public/home/blockchain/master/.m2/repository/org/apache/hadoop/hadoop-hdfs/2.7.7/hadoop-hdfs-2.7.7.jar:/public/home/blockchain/master/.m2/repository/org/mortbay/jetty/jetty-util/6.1.26/jetty-util-6.1.26.jar:/public/home/blockchain/master/.m2/repository/io/netty/netty/3.6.2.Final/netty-3.6.2.Final.jar:/public/home/blockchain/master/.m2/repository/io/netty/netty-all/4.0.23.Final/netty-all-4.0.23.Final.jar:/public/home/blockchain/master/.m2/repository/xerces/xercesImpl/2.9.1/xercesImpl-2.9.1.jar:/public/home/blockchain/master/.m2/repository/xml-apis/xml-apis/1.3.04/xml-apis-1.3.04.jar:/public/home/blockchain/master/.m2/repository/org/fusesource/leveldbjni/leveldbjni-all/1.8/leveldbjni-all-1.8.jar:/public/home/blockchain/master/.m2/repository/org/apache/hadoop/hadoop-mapreduce-client-app/2.7.7/hadoop-mapreduce-client-app-2.7.7.jar:/public/home/blockchain/master/.m2/repository/org/apache/hadoop/hadoop-mapreduce-client-common/2.7.7/hadoop-mapreduce-client-common-2.7.7.jar:/public/home/blockchain/master/.m2/repository/org/apache/hadoop/hadoop-yarn-client/2.7.7/hadoop-yarn-client-2.7.7.jar:/public/home/blockchain/master/.m2/repository/org/apache/hadoop/hadoop-yarn-server-common/2.7.7/hadoop-yarn-server-common-2.7.7.jar:/public/home/blockchain/master/.m2/repository/org/apache/hadoop/hadoop-mapreduce-client-shuffle/2.7.7/hadoop-mapreduce-client-shuffle-2.7.7.jar:/public/home/blockchain/master/.m2/repository/org/apache/hadoop/hadoop-yarn-api/2.7.7/hadoop-yarn-api-2.7.7.jar:/public/home/blockchain/master/.m2/repository/org/apache/hadoop/hadoop-mapreduce-client-core/2.7.7/hadoop-mapreduce-client-core-2.7.7.jar:/public/home/blockchain/master/.m2/repository/org/apache/hadoop/hadoop-yarn-common/2.7.7/hadoop-yarn-common-2.7.7.jar:/public/home/blockchain/master/.m2/repository/javax/xml/bind/jaxb-api/2.2.2/jaxb-api-2.2.2.jar:/public/home/blockchain/master/.m2/repository/javax/xml/stream/stax-api/1.0-2/stax-api-1.0-2.jar:/public/home/blockchain/master/.m2/repository/javax/activation/activation/1.1/activation-1.1.jar:/public/home/blockchain/master/.m2/repository/javax/servlet/servlet-api/2.5/servlet-api-2.5.jar:/public/home/blockchain/master/.m2/repository/com/sun/jersey/jersey-core/1.9/jersey-core-1.9.jar:/public/home/blockchain/master/.m2/repository/com/sun/jersey/jersey-client/1.9/jersey-client-1.9.jar:/public/home/blockchain/master/.m2/repository/org/codehaus/jackson/jackson-jaxrs/1.9.13/jackson-jaxrs-1.9.13.jar:/public/home/blockchain/master/.m2/repository/org/codehaus/jackson/jackson-xc/1.9.13/jackson-xc-1.9.13.jar:/public/home/blockchain/master/.m2/repository/org/apache/hadoop/hadoop-mapreduce-client-jobclient/2.7.7/hadoop-mapreduce-client-jobclient-2.7.7.jar:/public/home/blockchain/master/.m2/repository/org/apache/hadoop/hadoop-annotations/2.7.7/hadoop-annotations-2.7.7.jar:/public/home/blockchain/master/.m2/repository/com/google/guava/guava/18.0/guava-18.0.jar:/public/home/blockchain/master/.m2/repository/org/apache/hbase/hbase-client/2.1.5/hbase-client-2.1.5.jar:/public/home/blockchain/master/.m2/repository/org/apache/hbase/thirdparty/hbase-shaded-protobuf/2.1.0/hbase-shaded-protobuf-2.1.0.jar:/public/home/blockchain/master/.m2/repository/org/apache/hbase/hbase-common/2.1.5/hbase-common-2.1.5.jar:/public/home/blockchain/master/.m2/repository/com/github/stephenc/findbugs/findbugs-annotations/1.3.9-1/findbugs-annotations-1.3.9-1.jar:/public/home/blockchain/master/.m2/repository/org/apache/hbase/hbase-hadoop-compat/2.1.5/hbase-hadoop-compat-2.1.5.jar:/public/home/blockchain/master/.m2/repository/org/apache/hbase/hbase-metrics-api/2.1.5/hbase-metrics-api-2.1.5.jar:/public/home/blockchain/master/.m2/repository/org/apache/hbase/hbase-hadoop2-compat/2.1.5/hbase-hadoop2-compat-2.1.5.jar:/public/home/blockchain/master/.m2/repository/org/apache/hbase/hbase-metrics/2.1.5/hbase-metrics-2.1.5.jar:/public/home/blockchain/master/.m2/repository/org/apache/hbase/hbase-protocol-shaded/2.1.5/hbase-protocol-shaded-2.1.5.jar:/public/home/blockchain/master/.m2/repository/org/apache/hbase/hbase-protocol/2.1.5/hbase-protocol-2.1.5.jar:/public/home/blockchain/master/.m2/repository/org/apache/commons/commons-lang3/3.6/commons-lang3-3.6.jar:/public/home/blockchain/master/.m2/repository/org/apache/hbase/thirdparty/hbase-shaded-miscellaneous/2.1.0/hbase-shaded-miscellaneous-2.1.0.jar:/public/home/blockchain/master/.m2/repository/com/google/protobuf/protobuf-java/2.5.0/protobuf-java-2.5.0.jar:/public/home/blockchain/master/.m2/repository/org/apache/hbase/thirdparty/hbase-shaded-netty/2.1.0/hbase-shaded-netty-2.1.0.jar:/public/home/blockchain/master/.m2/repository/org/apache/zookeeper/zookeeper/3.4.10/zookeeper-3.4.10.jar:/public/home/blockchain/master/.m2/repository/org/apache/htrace/htrace-core4/4.2.0-incubating/htrace-core4-4.2.0-incubating.jar:/public/home/blockchain/master/.m2/repository/org/jruby/jcodings/jcodings/1.0.18/jcodings-1.0.18.jar:/public/home/blockchain/master/.m2/repository/org/jruby/joni/joni/2.1.11/joni-2.1.11.jar:/public/home/blockchain/master/.m2/repository/org/apache/commons/commons-crypto/1.0.0/commons-crypto-1.0.0.jar:/public/home/blockchain/master/.m2/repository/com/fasterxml/jackson/core/jackson-databind/2.9.2/jackson-databind-2.9.2.jar:/public/home/blockchain/master/.m2/repository/com/fasterxml/jackson/core/jackson-annotations/2.9.0/jackson-annotations-2.9.0.jar:/public/home/blockchain/master/.m2/repository/com/fasterxml/jackson/core/jackson-core/2.9.2/jackson-core-2.9.2.jar:/public/home/blockchain/master/.m2/repository/org/apache/hadoop/hadoop-auth/2.7.7/hadoop-auth-2.7.7.jar:/public/home/blockchain/master/.m2/repository/org/apache/httpcomponents/httpclient/4.2.5/httpclient-4.2.5.jar:/public/home/blockchain/master/.m2/repository/org/apache/httpcomponents/httpcore/4.2.4/httpcore-4.2.4.jar:/public/home/blockchain/master/.m2/repository/org/apache/directory/server/apacheds-kerberos-codec/2.0.0-M15/apacheds-kerberos-codec-2.0.0-M15.jar:/public/home/blockchain/master/.m2/repository/org/apache/directory/server/apacheds-i18n/2.0.0-M15/apacheds-i18n-2.0.0-M15.jar:/public/home/blockchain/master/.m2/repository/org/apache/directory/api/api-asn1-api/1.0.0-M20/api-asn1-api-1.0.0-M20.jar:/public/home/blockchain/master/.m2/repository/org/apache/directory/api/api-util/1.0.0-M20/api-util-1.0.0-M20.jar:/public/home/blockchain/master/.m2/repository/org/apache/curator/curator-framework/2.7.1/curator-framework-2.7.1.jar:/public/home/blockchain/master/.m2/repository/org/apache/yetus/audience-annotations/0.5.0/audience-annotations-0.5.0.jar:"/>
    <property name="sun.cpu.endian" value="little"/>
    <property name="user.home" value="/public/home/blockchain/master"/>
    <property name="user.language" value="en"/>
    <property name="java.specification.vendor" value="Oracle Corporation"/>
    <property name="java.home" value="/public/home/blockchain/master/jdk1.8.0_371/jre"/>
    <property name="basedir" value="/public/home/blockchain/master/experiment/final_query/find_tx"/>
    <property name="file.separator" value="/"/>
    <property name="line.separator" value="&#10;"/>
    <property name="java.vm.specification.vendor" value="Oracle Corporation"/>
    <property name="java.specification.name" value="Java Platform API Specification"/>
    <property name="java.awt.graphicsenv" value="sun.awt.X11GraphicsEnvironment"/>
    <property name="surefire.real.class.path" value="/public/home/blockchain/master/experiment/final_query/find_tx/target/surefire/surefirebooter3522444767102985500.jar"/>
    <property name="sun.boot.class.path" value="/public/home/blockchain/master/jdk1.8.0_371/jre/lib/resources.jar:/public/home/blockchain/master/jdk1.8.0_371/jre/lib/rt.jar:/public/home/blockchain/master/jdk1.8.0_371/jre/lib/jsse.jar:/public/home/blockchain/master/jdk1.8.0_371/jre/lib/jce.jar:/public/home/blockchain/master/jdk1.8.0_371/jre/lib/charsets.jar:/public/home/blockchain/master/jdk1.8.0_371/jre/lib/jfr.jar:/public/home/blockchain/master/jdk1.8.0_371/jre/classes"/>
    <property name="sun.management.compiler" value="HotSpot 64-Bit Tiered Compilers"/>
    <property name="java.runtime.version" value="1.8.0_371-b11"/>
    <property name="user.name" value="master"/>
    <property name="path.separator" value=":"/>
    <property name="os.version" value="3.10.0-957.el7.x86_64"/>
    <property name="java.endorsed.dirs" value="/public/home/blockchain/master/jdk1.8.0_371/jre/lib/endorsed"/>
    <property name="java.runtime.name" value="Java(TM) SE Runtime Environment"/>
    <property name="file.encoding" value="UTF-8"/>
    <property name="java.vm.name" value="Java HotSpot(TM) 64-Bit Server VM"/>
    <property name="localRepository" value="/public/home/blockchain/master/.m2/repository"/>
    <property name="java.vendor.url.bug" value="http://bugreport.sun.com/bugreport/"/>
    <property name="java.io.tmpdir" value="/tmp"/>
    <property name="java.version" value="1.8.0_371"/>
    <property name="user.dir" value="/public/home/blockchain/master/experiment/final_query/find_tx"/>
    <property name="os.arch" value="amd64"/>
    <property name="java.vm.specification.name" value="Java Virtual Machine Specification"/>
    <property name="java.awt.printerjob" value="sun.print.PSPrinterJob"/>
    <property name="sun.os.patch.level" value="unknown"/>
    <property name="java.library.path" value="/opt/gridview//pbs/dispatcher/lib:/public/software/compiler/intel-compiler/2021.3.0/compiler/lib/intel64_lin:/public/software/compiler/intel-compiler/2021.3.0/mkl/lib/intel64:/public/software/compiler/intel-compiler/2021.3.0/tbb/lib/intel64::/usr/local/lib64:/usr/local/lib:/usr/java/packages/lib/amd64:/usr/lib64:/lib64:/lib:/usr/lib"/>
    <property name="java.vm.info" value="mixed mode"/>
    <property name="java.vendor" value="Oracle Corporation"/>
    <property name="java.vm.version" value="25.371-b11"/>
    <property name="java.specification.maintenance.version" value="4"/>
    <property name="java.ext.dirs" value="/public/home/blockchain/master/jdk1.8.0_371/jre/lib/ext:/usr/java/packages/lib/ext"/>
    <property name="sun.io.unicode.encoding" value="UnicodeLittle"/>
    <property name="java.class.version" value="52.0"/>
  </properties>
  <testcase name="shouldAnswerWithTrue" classname="find_tx.AppTest" time="0.001"/>
</testsuite>